0 info it worked if it ends with ok
1 verbose cli [
1 verbose cli   'C:\\Program Files\\nodejs\\node.exe',
1 verbose cli   'C:\\Users\\Forta Plano de Saúde\\AppData\\Roaming\\npm\\node_modules\\npm\\bin\\npm-cli.js',
1 verbose cli   'start'
1 verbose cli ]
2 info using npm@6.14.10
3 info using node@v16.15.0
4 verbose run-script [ 'prestart', 'start', 'poststart' ]
5 info lifecycle next-project@0.1.0~prestart: next-project@0.1.0
6 info lifecycle next-project@0.1.0~start: next-project@0.1.0
7 verbose lifecycle next-project@0.1.0~start: unsafe-perm in lifecycle true
8 verbose lifecycle next-project@0.1.0~start: PATH: C:\Users\Forta Plano de Saúde\AppData\Roaming\npm\node_modules\npm\node_modules\npm-lifecycle\node-gyp-bin;C:\react-hcode\next-project\node_modules\.bin;C:\Program Files\Git\mingw64\bin;C:\Program Files\Git\usr\bin;C:\Users\Forta Plano de Saúde\bin;C:\Python310\Scripts;C:\Python310;C:\Python39\Scripts;C:\Python39;C:\Windows\system32;C:\Windows;C:\Windows\System32\Wbem;C:\Windows\System32\WindowsPowerShell\v1.0;C:\Windows\System32\OpenSSH;C:\ProgramData\chocolatey\bin;C:\sqlite3;C:\Program Files\nodejs;C:\Program Files\Git\cmd;C:\Users\Forta Plano de Saúde\AppData\Local\Microsoft\WindowsApps;C:\Users\Forta Plano de Saúde\AppData\Local\Programs\Microsoft VS Code\bin;C:\Users\Forta Plano de Saúde\AppData\Roaming\npm
9 verbose lifecycle next-project@0.1.0~start: CWD: C:\react-hcode\next-project
10 silly lifecycle next-project@0.1.0~start: Args: [ '/d /s /c', 'next start' ]
11 silly lifecycle next-project@0.1.0~start: Returned: code: 1  signal: null
12 info lifecycle next-project@0.1.0~start: Failed to exec start script
13 verbose stack Error: next-project@0.1.0 start: `next start`
13 verbose stack Exit status 1
13 verbose stack     at EventEmitter.<anonymous> (C:\Users\Forta Plano de Saúde\AppData\Roaming\npm\node_modules\npm\node_modules\npm-lifecycle\index.js:332:16)
13 verbose stack     at EventEmitter.emit (node:events:527:28)
13 verbose stack     at ChildProcess.<anonymous> (C:\Users\Forta Plano de Saúde\AppData\Roaming\npm\node_modules\npm\node_modules\npm-lifecycle\lib\spawn.js:55:14)
13 verbose stack     at ChildProcess.emit (node:events:527:28)
13 verbose stack     at maybeClose (node:internal/child_process:1092:16)
13 verbose stack     at Process.ChildProcess._handle.onexit (node:internal/child_process:302:5)
14 verbose pkgid next-project@0.1.0
15 verbose cwd C:\react-hcode\next-project
16 verbose Windows_NT 10.0.19044
17 verbose argv "C:\\Program Files\\nodejs\\node.exe" "C:\\Users\\Forta Plano de Saúde\\AppData\\Roaming\\npm\\node_modules\\npm\\bin\\npm-cli.js" "start"
18 verbose node v16.15.0
19 verbose npm  v6.14.10
20 error code ELIFECYCLE
21 error errno 1
22 error next-project@0.1.0 start: `next start`
22 error Exit status 1
23 error Failed at the next-project@0.1.0 start script.
23 error This is probably not a problem with npm. There is likely additional logging output above.
24 verbose exit [ 1, true ]
