0 verbose cli [
0 verbose cli   'C:\\Program Files\\nodejs\\node.exe',
0 verbose cli   'C:\\Program Files\\nodejs\\node_modules\\npm\\bin\\npm-cli.js',
0 verbose cli   'install',
0 verbose cli   '--no-audit',
0 verbose cli   '--save',
0 verbose cli   '@testing-library/jest-dom@^5.14.1',
0 verbose cli   '@testing-library/react@^13.0.0',
0 verbose cli   '@testing-library/user-event@^13.2.1',
0 verbose cli   '@types/jest@^27.0.1',
0 verbose cli   '@types/node@^16.7.13',
0 verbose cli   '@types/react@^18.0.0',
0 verbose cli   '@types/react-dom@^18.0.0',
0 verbose cli   'typescript@^4.4.2',
0 verbose cli   'web-vitals@^2.1.0'
0 verbose cli ]
1 info using npm@8.5.5
2 info using node@v16.15.0
3 timing npm:load:whichnode Completed in 0ms
4 timing config:load:defaults Completed in 1ms
5 timing config:load:file:C:\Program Files\nodejs\node_modules\npm\npmrc Completed in 4ms
6 timing config:load:builtin Completed in 5ms
7 timing config:load:cli Completed in 1ms
8 timing config:load:env Completed in 0ms
9 timing config:load:file:C:\react-hcode\hcode-react-router\.npmrc Completed in 0ms
10 timing config:load:project Completed in 1ms
11 timing config:load:file:C:\Users\Forta Plano de Saúde\.npmrc Completed in 1ms
12 timing config:load:user Completed in 1ms
13 timing config:load:file:C:\Users\Forta Plano de Saúde\AppData\Roaming\npm\etc\npmrc Completed in 0ms
14 timing config:load:global Completed in 0ms
15 timing config:load:validate Completed in 1ms
16 timing config:load:credentials Completed in 0ms
17 timing config:load:setEnvs Completed in 1ms
18 timing config:load Completed in 13ms
19 timing npm:load:configload Completed in 13ms
20 timing npm:load:setTitle Completed in 1ms
21 timing config:load:flatten Completed in 3ms
22 timing npm:load:display Completed in 4ms
23 verbose logfile C:\react-hcode\hcode-react-router\tmpnodejsnpm-cache\_logs\2022-08-05T00_15_23_952Z-debug-0.log
24 timing npm:load:logFile Completed in 5ms
25 timing npm:load:timers Completed in 0ms
26 timing npm:load:configScope Completed in 0ms
27 timing npm:load Completed in 24ms
28 timing arborist:ctor Completed in 1ms
29 timing idealTree:init Completed in 657ms
30 timing idealTree:userRequests Completed in 2ms
31 silly idealTree buildDeps
32 silly fetch manifest @testing-library/jest-dom@^5.14.1
33 timing arborist:ctor Completed in 0ms
34 http fetch GET 200 https://registry.npmjs.org/@testing-library%2fjest-dom 566ms (cache miss)
35 silly fetch manifest @testing-library/react@^13.0.0
36 http fetch GET 200 https://registry.npmjs.org/@testing-library%2freact 302ms (cache miss)
37 silly fetch manifest react@^18.2.0
38 http fetch GET 200 https://registry.npmjs.org/react 10ms (cache hit)
39 silly fetch manifest react-dom@^18.2.0
40 http fetch GET 200 https://registry.npmjs.org/react-dom 7ms (cache hit)
41 silly fetch manifest @testing-library/user-event@^13.2.1
42 http fetch GET 200 https://registry.npmjs.org/@testing-library%2fuser-event 520ms (cache miss)
43 silly fetch manifest @testing-library/dom@>=7.21.4
44 http fetch GET 200 https://registry.npmjs.org/@testing-library%2fdom 308ms (cache miss)
45 silly fetch manifest @types/jest@^27.0.1
46 http fetch GET 200 https://registry.npmjs.org/@types%2fjest 230ms (cache miss)
47 silly fetch manifest @types/node@^16.7.13
48 http fetch GET 200 https://registry.npmjs.org/@types%2fnode 6ms (cache hit)
49 silly fetch manifest @types/react@^18.0.0
50 http fetch GET 200 https://registry.npmjs.org/@types%2freact 240ms (cache miss)
51 silly fetch manifest @types/react-dom@^18.0.0
52 http fetch GET 200 https://registry.npmjs.org/@types%2freact-dom 38ms (cache miss)
53 silly fetch manifest typescript@^4.4.2
54 http fetch GET 200 https://registry.npmjs.org/typescript 14ms (cache hit)
55 silly fetch manifest web-vitals@^2.1.0
56 http fetch GET 200 https://registry.npmjs.org/web-vitals 57ms (cache miss)
57 silly placeDep ROOT @testing-library/jest-dom@5.16.5 OK for: hcode-react-router@0.1.0 want: ^5.14.1
58 silly placeDep ROOT @testing-library/react@13.3.0 OK for: hcode-react-router@0.1.0 want: ^13.0.0
59 silly placeDep ROOT @testing-library/user-event@13.5.0 OK for: hcode-react-router@0.1.0 want: ^13.2.1
60 silly placeDep ROOT @testing-library/dom@8.16.1 OK for: @testing-library/user-event@13.5.0 want: >=7.21.4
61 silly placeDep ROOT @types/jest@27.5.2 OK for: hcode-react-router@0.1.0 want: ^27.0.1
62 silly placeDep ROOT @types/node@16.11.47 REPLACE for: hcode-react-router@0.1.0 want: ^16.7.13
63 silly placeDep ROOT @types/react@18.0.15 OK for: hcode-react-router@0.1.0 want: ^18.0.0
64 silly placeDep ROOT @types/react-dom@18.0.6 OK for: hcode-react-router@0.1.0 want: ^18.0.0
65 silly placeDep ROOT typescript@4.7.4 REPLACE for: hcode-react-router@0.1.0 want: ^4.4.2
66 silly placeDep ROOT web-vitals@2.1.4 OK for: hcode-react-router@0.1.0 want: ^2.1.0
67 silly fetch manifest @types/testing-library__jest-dom@^5.9.1
68 silly fetch manifest aria-query@^5.0.0
69 silly fetch manifest chalk@^3.0.0
70 silly fetch manifest @adobe/css-tools@^4.0.1
71 silly fetch manifest css.escape@^1.5.1
72 silly fetch manifest dom-accessibility-api@^0.5.6
73 silly fetch manifest redent@^3.0.0
74 silly fetch manifest @types/aria-query@^4.2.0
75 silly fetch manifest chalk@^4.1.0
76 silly fetch manifest dom-accessibility-api@^0.5.9
77 silly fetch manifest lz-string@^1.4.4
78 silly fetch manifest @types/prop-types@*
79 silly fetch manifest @types/scheduler@*
80 silly fetch manifest csstype@^3.0.2
81 http fetch GET 200 https://registry.npmjs.org/aria-query 24ms (cache hit)
82 http fetch GET 200 https://registry.npmjs.org/chalk 24ms (cache hit)
83 http fetch GET 200 https://registry.npmjs.org/@types%2ftesting-library__jest-dom 49ms (cache miss)
84 http fetch GET 200 https://registry.npmjs.org/lz-string 55ms (cache miss)
85 http fetch GET 200 https://registry.npmjs.org/redent 66ms (cache miss)
86 http fetch GET 200 https://registry.npmjs.org/css.escape 70ms (cache miss)
87 http fetch GET 200 https://registry.npmjs.org/csstype 1066ms (cache miss)
88 http fetch GET 200 https://registry.npmjs.org/dom-accessibility-api 1191ms (cache miss)
89 http fetch GET 200 https://registry.npmjs.org/@adobe%2fcss-tools 1332ms (cache miss)
90 http fetch GET 200 https://registry.npmjs.org/@types%2faria-query 3113ms (cache miss)
91 http fetch GET 200 https://registry.npmjs.org/@types%2fscheduler 3219ms (cache miss)
92 http fetch GET 200 https://registry.npmjs.org/@types%2fprop-types 7189ms (cache miss)
93 timing idealTree:#root Completed in 9591ms
94 silly placeDep ROOT @types/aria-query@4.2.2 OK for: @testing-library/dom@8.16.1 want: ^4.2.0
95 silly placeDep node_modules/@testing-library/dom aria-query@5.0.0 OK for: @testing-library/dom@8.16.1 want: ^5.0.0
96 silly placeDep node_modules/@testing-library/dom chalk@4.1.2 OK for: @testing-library/dom@8.16.1 want: ^4.1.0
97 silly placeDep ROOT dom-accessibility-api@0.5.14 OK for: @testing-library/dom@8.16.1 want: ^0.5.9
98 silly placeDep ROOT lz-string@1.4.4 OK for: @testing-library/dom@8.16.1 want: ^1.4.4
99 silly fetch manifest ansi-styles@^4.1.0
100 silly fetch manifest supports-color@^7.1.0
101 http fetch GET 200 https://registry.npmjs.org/ansi-styles 6ms (cache hit)
102 http fetch GET 200 https://registry.npmjs.org/supports-color 7ms (cache hit)
103 timing idealTree:node_modules/@testing-library/dom Completed in 13ms
104 silly placeDep ROOT @adobe/css-tools@4.0.1 OK for: @testing-library/jest-dom@5.16.5 want: ^4.0.1
105 silly placeDep ROOT @types/testing-library__jest-dom@5.14.5 OK for: @testing-library/jest-dom@5.16.5 want: ^5.9.1
106 silly placeDep node_modules/@testing-library/jest-dom aria-query@5.0.0 OK for: @testing-library/jest-dom@5.16.5 want: ^5.0.0
107 silly placeDep node_modules/@testing-library/jest-dom chalk@3.0.0 OK for: @testing-library/jest-dom@5.16.5 want: ^3.0.0
108 silly placeDep ROOT css.escape@1.5.1 OK for: @testing-library/jest-dom@5.16.5 want: ^1.5.1
109 silly placeDep ROOT redent@3.0.0 OK for: @testing-library/jest-dom@5.16.5 want: ^3.0.0
110 silly fetch manifest indent-string@^4.0.0
111 silly fetch manifest strip-indent@^3.0.0
112 http fetch GET 200 https://registry.npmjs.org/indent-string 38ms (cache miss)
113 http fetch GET 200 https://registry.npmjs.org/strip-indent 81ms (cache miss)
114 timing idealTree:node_modules/@testing-library/jest-dom Completed in 87ms
115 timing idealTree:node_modules/@adobe/css-tools Completed in 0ms
116 timing idealTree:node_modules/@testing-library/react Completed in 0ms
117 timing idealTree:node_modules/@testing-library/user-event Completed in 1ms
118 timing idealTree:node_modules/@types/aria-query Completed in 0ms
119 timing idealTree:node_modules/@types/jest Completed in 0ms
120 timing idealTree:node_modules/@types/node Completed in 0ms
121 silly placeDep ROOT @types/prop-types@15.7.5 OK for: @types/react@18.0.15 want: *
122 silly placeDep ROOT @types/scheduler@0.16.2 OK for: @types/react@18.0.15 want: *
123 silly placeDep ROOT csstype@3.1.0 OK for: @types/react@18.0.15 want: ^3.0.2
124 timing idealTree:node_modules/@types/react Completed in 2ms
125 timing idealTree:node_modules/@types/prop-types Completed in 0ms
126 timing idealTree:node_modules/@types/react-dom Completed in 0ms
127 timing idealTree:node_modules/@types/scheduler Completed in 0ms
128 timing idealTree:node_modules/@types/testing-library__jest-dom Completed in 0ms
129 timing idealTree:node_modules/css.escape Completed in 0ms
130 timing idealTree:node_modules/csstype Completed in 0ms
131 timing idealTree:node_modules/dom-accessibility-api Completed in 0ms
132 timing idealTree:node_modules/lz-string Completed in 0ms
133 silly placeDep ROOT indent-string@4.0.0 OK for: redent@3.0.0 want: ^4.0.0
134 silly placeDep ROOT strip-indent@3.0.0 OK for: redent@3.0.0 want: ^3.0.0
135 silly fetch manifest min-indent@^1.0.0
136 http fetch GET 200 https://registry.npmjs.org/min-indent 95ms (cache miss)
137 timing idealTree:node_modules/redent Completed in 97ms
138 timing idealTree:node_modules/indent-string Completed in 0ms
139 silly placeDep ROOT min-indent@1.0.1 OK for: strip-indent@3.0.0 want: ^1.0.0
140 timing idealTree:node_modules/strip-indent Completed in 1ms
141 timing idealTree:node_modules/min-indent Completed in 0ms
142 timing idealTree:node_modules/typescript Completed in 0ms
143 timing idealTree:node_modules/web-vitals Completed in 0ms
144 timing idealTree:node_modules/@testing-library/dom/node_modules/aria-query Completed in 0ms
145 silly placeDep node_modules/@testing-library/dom ansi-styles@4.3.0 OK for: chalk@4.1.2 want: ^4.1.0
146 silly placeDep node_modules/@testing-library/dom supports-color@7.2.0 OK for: chalk@4.1.2 want: ^7.1.0
147 silly fetch manifest color-convert@^2.0.1
148 silly fetch manifest has-flag@^4.0.0
149 http fetch GET 200 https://registry.npmjs.org/color-convert 5ms (cache hit)
150 http fetch GET 200 https://registry.npmjs.org/has-flag 5ms (cache hit)
151 timing idealTree:node_modules/@testing-library/dom/node_modules/chalk Completed in 8ms
152 silly placeDep node_modules/@testing-library/dom color-convert@2.0.1 OK for: ansi-styles@4.3.0 want: ^2.0.1
153 silly fetch manifest color-name@~1.1.4
154 http fetch GET 200 https://registry.npmjs.org/color-name 6ms (cache hit)
155 timing idealTree:node_modules/@testing-library/dom/node_modules/ansi-styles Completed in 7ms
156 silly placeDep node_modules/@testing-library/dom color-name@1.1.4 OK for: color-convert@2.0.1 want: ~1.1.4
157 timing idealTree:node_modules/@testing-library/dom/node_modules/color-convert Completed in 1ms
158 timing idealTree:node_modules/@testing-library/dom/node_modules/color-name Completed in 0ms
159 silly placeDep node_modules/@testing-library/dom has-flag@4.0.0 OK for: supports-color@7.2.0 want: ^4.0.0
160 timing idealTree:node_modules/@testing-library/dom/node_modules/supports-color Completed in 0ms
161 timing idealTree:node_modules/@testing-library/dom/node_modules/has-flag Completed in 0ms
162 timing idealTree:node_modules/@testing-library/jest-dom/node_modules/aria-query Completed in 0ms
163 silly placeDep node_modules/@testing-library/jest-dom ansi-styles@4.3.0 OK for: chalk@3.0.0 want: ^4.1.0
164 silly placeDep node_modules/@testing-library/jest-dom supports-color@7.2.0 OK for: chalk@3.0.0 want: ^7.1.0
165 timing idealTree:node_modules/@testing-library/jest-dom/node_modules/chalk Completed in 1ms
166 silly placeDep node_modules/@testing-library/jest-dom color-convert@2.0.1 OK for: ansi-styles@4.3.0 want: ^2.0.1
167 timing idealTree:node_modules/@testing-library/jest-dom/node_modules/ansi-styles Completed in 1ms
168 silly placeDep node_modules/@testing-library/jest-dom color-name@1.1.4 OK for: color-convert@2.0.1 want: ~1.1.4
169 timing idealTree:node_modules/@testing-library/jest-dom/node_modules/color-convert Completed in 0ms
170 timing idealTree:node_modules/@testing-library/jest-dom/node_modules/color-name Completed in 0ms
171 silly placeDep node_modules/@testing-library/jest-dom has-flag@4.0.0 OK for: supports-color@7.2.0 want: ^4.0.0
172 timing idealTree:node_modules/@testing-library/jest-dom/node_modules/supports-color Completed in 1ms
173 timing idealTree:node_modules/@testing-library/jest-dom/node_modules/has-flag Completed in 0ms
174 timing idealTree:buildDeps Completed in 9816ms
175 timing idealTree:fixDepFlags Completed in 13ms
176 timing idealTree Completed in 10500ms
177 timing reify:loadTrees Completed in 10500ms
178 timing reify:diffTrees Completed in 31ms
179 silly reify mark retired [ 'C:\\react-hcode\\hcode-react-router\\node_modules\\@types\\node' ]
180 silly reify moves {
180 silly reify   'C:\\react-hcode\\hcode-react-router\\node_modules\\@types\\node': 'C:\\react-hcode\\hcode-react-router\\node_modules\\@types\\.node-qC8p8FGM'
180 silly reify }
181 timing reify:retireShallow Completed in 2ms
182 timing reify:createSparse Completed in 13ms
183 timing reify:loadBundles Completed in 0ms
184 verbose reify failed optional dependency C:\react-hcode\hcode-react-router\node_modules\fsevents
185 silly reify mark deleted [ 'C:\\react-hcode\\hcode-react-router\\node_modules\\fsevents' ]
186 timing reifyNode:node_modules/fsevents Completed in 5ms
187 silly tarball no local data for min-indent@https://registry.npmjs.org/min-indent/-/min-indent-1.0.1.tgz. Extracting by manifest.
188 silly tarball no local data for strip-indent@https://registry.npmjs.org/strip-indent/-/strip-indent-3.0.0.tgz. Extracting by manifest.
189 silly tarball no local data for indent-string@https://registry.npmjs.org/indent-string/-/indent-string-4.0.0.tgz. Extracting by manifest.
190 silly tarball no local data for @types/scheduler@https://registry.npmjs.org/@types/scheduler/-/scheduler-0.16.2.tgz. Extracting by manifest.
191 silly tarball no local data for csstype@https://registry.npmjs.org/csstype/-/csstype-3.1.0.tgz. Extracting by manifest.
192 silly tarball no local data for redent@https://registry.npmjs.org/redent/-/redent-3.0.0.tgz. Extracting by manifest.
193 silly tarball no local data for @types/prop-types@https://registry.npmjs.org/@types/prop-types/-/prop-types-15.7.5.tgz. Extracting by manifest.
194 silly tarball no local data for css.escape@https://registry.npmjs.org/css.escape/-/css.escape-1.5.1.tgz. Extracting by manifest.
195 silly tarball no local data for @types/testing-library__jest-dom@https://registry.npmjs.org/@types/testing-library__jest-dom/-/testing-library__jest-dom-5.14.5.tgz. Extracting by manifest.
196 silly tarball no local data for @adobe/css-tools@https://registry.npmjs.org/@adobe/css-tools/-/css-tools-4.0.1.tgz. Extracting by manifest.
197 silly tarball no local data for lz-string@https://registry.npmjs.org/lz-string/-/lz-string-1.4.4.tgz. Extracting by manifest.
198 silly tarball no local data for dom-accessibility-api@https://registry.npmjs.org/dom-accessibility-api/-/dom-accessibility-api-0.5.14.tgz. Extracting by manifest.
199 silly tarball no local data for web-vitals@https://registry.npmjs.org/web-vitals/-/web-vitals-2.1.4.tgz. Extracting by manifest.
200 silly tarball no local data for @types/aria-query@https://registry.npmjs.org/@types/aria-query/-/aria-query-4.2.2.tgz. Extracting by manifest.
201 silly tarball no local data for @types/react-dom@https://registry.npmjs.org/@types/react-dom/-/react-dom-18.0.6.tgz. Extracting by manifest.
202 silly tarball no local data for @types/react@https://registry.npmjs.org/@types/react/-/react-18.0.15.tgz. Extracting by manifest.
203 silly tarball no local data for @types/jest@https://registry.npmjs.org/@types/jest/-/jest-27.5.2.tgz. Extracting by manifest.
204 silly tarball no local data for @testing-library/dom@https://registry.npmjs.org/@testing-library/dom/-/dom-8.16.1.tgz. Extracting by manifest.
205 silly tarball no local data for @testing-library/user-event@https://registry.npmjs.org/@testing-library/user-event/-/user-event-13.5.0.tgz. Extracting by manifest.
206 silly tarball no local data for @testing-library/react@https://registry.npmjs.org/@testing-library/react/-/react-13.3.0.tgz. Extracting by manifest.
207 silly tarball no local data for @testing-library/jest-dom@https://registry.npmjs.org/@testing-library/jest-dom/-/jest-dom-5.16.5.tgz. Extracting by manifest.
208 silly tarball no local data for @types/node@https://registry.npmjs.org/@types/node/-/node-16.11.47.tgz. Extracting by manifest.
209 silly tarball no local data for aria-query@https://registry.npmjs.org/aria-query/-/aria-query-5.0.0.tgz. Extracting by manifest.
210 silly tarball no local data for chalk@https://registry.npmjs.org/chalk/-/chalk-3.0.0.tgz. Extracting by manifest.
211 silly tarball no local data for aria-query@https://registry.npmjs.org/aria-query/-/aria-query-5.0.0.tgz. Extracting by manifest.
212 timing reifyNode:node_modules/@testing-library/dom/node_modules/color-name Completed in 166ms
213 timing reifyNode:node_modules/@testing-library/jest-dom/node_modules/color-name Completed in 169ms
214 timing reifyNode:node_modules/@testing-library/dom/node_modules/has-flag Completed in 170ms
215 http fetch GET 200 https://registry.npmjs.org/redent/-/redent-3.0.0.tgz 145ms (cache miss)
216 timing reifyNode:node_modules/@testing-library/jest-dom/node_modules/has-flag Completed in 173ms
217 timing reifyNode:node_modules/@testing-library/dom/node_modules/supports-color Completed in 174ms
218 timing reifyNode:node_modules/@testing-library/jest-dom/node_modules/supports-color Completed in 174ms
219 timing reifyNode:node_modules/@testing-library/dom/node_modules/ansi-styles Completed in 178ms
220 timing reifyNode:node_modules/@testing-library/jest-dom/node_modules/ansi-styles Completed in 178ms
221 timing reifyNode:node_modules/redent Completed in 180ms
222 timing reifyNode:node_modules/@testing-library/jest-dom/node_modules/color-convert Completed in 185ms
223 timing reifyNode:node_modules/@testing-library/dom/node_modules/color-convert Completed in 185ms
224 http fetch GET 200 https://registry.npmjs.org/css.escape/-/css.escape-1.5.1.tgz 155ms (cache miss)
225 timing reifyNode:node_modules/css.escape Completed in 189ms
226 timing reifyNode:node_modules/@testing-library/dom/node_modules/chalk Completed in 189ms
227 http fetch GET 200 https://registry.npmjs.org/strip-indent/-/strip-indent-3.0.0.tgz 175ms (cache miss)
228 timing reifyNode:node_modules/strip-indent Completed in 195ms
229 http fetch GET 200 https://registry.npmjs.org/@types/testing-library__jest-dom/-/testing-library__jest-dom-5.14.5.tgz 198ms (cache miss)
230 timing reifyNode:node_modules/@types/testing-library__jest-dom Completed in 235ms
231 http fetch GET 200 https://registry.npmjs.org/@types/aria-query/-/aria-query-4.2.2.tgz 218ms (cache miss)
232 timing reifyNode:node_modules/@types/aria-query Completed in 274ms
233 http fetch GET 200 https://registry.npmjs.org/indent-string/-/indent-string-4.0.0.tgz 262ms (cache miss)
234 timing reifyNode:node_modules/indent-string Completed in 283ms
235 http fetch GET 200 https://registry.npmjs.org/min-indent/-/min-indent-1.0.1.tgz 280ms (cache miss)
236 timing reifyNode:node_modules/min-indent Completed in 296ms
237 http fetch GET 200 https://registry.npmjs.org/chalk/-/chalk-3.0.0.tgz 213ms (cache miss)
238 timing reifyNode:node_modules/@testing-library/jest-dom/node_modules/chalk Completed in 310ms
239 http fetch GET 200 https://registry.npmjs.org/@adobe/css-tools/-/css-tools-4.0.1.tgz 276ms (cache miss)
240 timing reifyNode:node_modules/@adobe/css-tools Completed in 318ms
241 http fetch GET 200 https://registry.npmjs.org/csstype/-/csstype-3.1.0.tgz 305ms (cache miss)
242 timing reifyNode:node_modules/csstype Completed in 332ms
243 http fetch GET 200 https://registry.npmjs.org/@testing-library/jest-dom/-/jest-dom-5.16.5.tgz 302ms (cache miss)
244 timing reifyNode:node_modules/@testing-library/jest-dom Completed in 378ms
245 http fetch GET 200 https://registry.npmjs.org/dom-accessibility-api/-/dom-accessibility-api-0.5.14.tgz 375ms (cache miss)
246 timing reifyNode:node_modules/dom-accessibility-api Completed in 422ms
247 http fetch GET 200 https://registry.npmjs.org/@testing-library/dom/-/dom-8.16.1.tgz 417ms (cache miss)
248 timing reifyNode:node_modules/@testing-library/dom Completed in 486ms
249 http fetch GET 200 https://registry.npmjs.org/@types/node/-/node-16.11.47.tgz 411ms (cache miss)
250 timing reifyNode:node_modules/@types/node Completed in 490ms
251 http fetch GET 200 https://registry.npmjs.org/@testing-library/user-event/-/user-event-13.5.0.tgz 426ms (cache miss)
252 timing reifyNode:node_modules/@testing-library/user-event Completed in 498ms
253 http fetch GET 200 https://registry.npmjs.org/aria-query/-/aria-query-5.0.0.tgz 518ms (cache miss)
254 timing reifyNode:node_modules/@testing-library/dom/node_modules/aria-query Completed in 605ms
255 http fetch GET 200 https://registry.npmjs.org/aria-query/-/aria-query-5.0.0.tgz 510ms (cache miss)
256 timing reifyNode:node_modules/@testing-library/jest-dom/node_modules/aria-query Completed in 610ms
257 http fetch GET 200 https://registry.npmjs.org/@types/scheduler/-/scheduler-0.16.2.tgz 1007ms (cache miss)
258 timing reifyNode:node_modules/@types/scheduler Completed in 1031ms
259 http fetch GET 200 https://registry.npmjs.org/@types/prop-types/-/prop-types-15.7.5.tgz 1022ms (cache miss)
260 timing reifyNode:node_modules/@types/prop-types Completed in 1054ms
261 http fetch GET 200 https://registry.npmjs.org/@types/jest/-/jest-27.5.2.tgz 1018ms (cache miss)
262 timing reifyNode:node_modules/@types/jest Completed in 1082ms
263 http fetch GET 200 https://registry.npmjs.org/@types/react/-/react-18.0.15.tgz 1079ms (cache miss)
264 timing reifyNode:node_modules/@types/react Completed in 1141ms
265 http fetch GET 200 https://registry.npmjs.org/@types/react-dom/-/react-dom-18.0.6.tgz 1118ms (cache miss)
266 timing reifyNode:node_modules/@types/react-dom Completed in 1184ms
267 http fetch GET 200 https://registry.npmjs.org/lz-string/-/lz-string-1.4.4.tgz 1221ms (cache miss)
268 timing reifyNode:node_modules/lz-string Completed in 1267ms
269 http fetch GET 200 https://registry.npmjs.org/@testing-library/react/-/react-13.3.0.tgz 1795ms (cache miss)
270 timing reifyNode:node_modules/@testing-library/react Completed in 1871ms
271 http fetch GET 200 https://registry.npmjs.org/web-vitals/-/web-vitals-2.1.4.tgz 3259ms (cache miss)
272 timing reifyNode:node_modules/web-vitals Completed in 3309ms
273 timing reify:unpack Completed in 3310ms
274 timing reify:unretire Completed in 0ms
275 timing build:queue Completed in 1ms
276 timing build:link:node_modules/lz-string Completed in 5ms
277 timing build:link Completed in 5ms
278 timing build:deps Completed in 6ms
279 timing build Completed in 6ms
280 timing reify:build Completed in 7ms
281 timing reify:trash Completed in 9ms
282 timing reify:save Completed in 180ms
283 timing reify Completed in 14105ms
284 silly ADD node_modules/min-indent
285 silly ADD node_modules/strip-indent
286 silly ADD node_modules/indent-string
287 silly ADD node_modules/csstype
288 silly ADD node_modules/@types/scheduler
289 silly ADD node_modules/@types/prop-types
290 silly ADD node_modules/redent
291 silly ADD node_modules/css.escape
292 silly ADD node_modules/@types/testing-library__jest-dom
293 silly ADD node_modules/@adobe/css-tools
294 silly ADD node_modules/lz-string
295 silly ADD node_modules/dom-accessibility-api
296 silly ADD node_modules/@types/aria-query
297 silly ADD node_modules/web-vitals
298 silly ADD node_modules/@types/react-dom
299 silly ADD node_modules/@types/react
300 silly ADD node_modules/@types/jest
301 silly ADD node_modules/@testing-library/dom
302 silly ADD node_modules/@testing-library/dom/node_modules/has-flag
303 silly ADD node_modules/@testing-library/dom/node_modules/color-name
304 silly ADD node_modules/@testing-library/dom/node_modules/color-convert
305 silly ADD node_modules/@testing-library/dom/node_modules/supports-color
306 silly ADD node_modules/@testing-library/dom/node_modules/ansi-styles
307 silly ADD node_modules/@testing-library/dom/node_modules/chalk
308 silly ADD node_modules/@testing-library/dom/node_modules/aria-query
309 silly ADD node_modules/@testing-library/user-event
310 silly ADD node_modules/@testing-library/react
311 silly ADD node_modules/@testing-library/jest-dom
312 silly ADD node_modules/@testing-library/jest-dom/node_modules/has-flag
313 silly ADD node_modules/@testing-library/jest-dom/node_modules/color-name
314 silly ADD node_modules/@testing-library/jest-dom/node_modules/color-convert
315 silly ADD node_modules/@testing-library/jest-dom/node_modules/supports-color
316 silly ADD node_modules/@testing-library/jest-dom/node_modules/ansi-styles
317 silly ADD node_modules/@testing-library/jest-dom/node_modules/chalk
318 silly ADD node_modules/@testing-library/jest-dom/node_modules/aria-query
319 silly ADD
320 silly CHANGE node_modules/@types/node
321 timing command:install Completed in 14115ms
322 verbose exit 0
323 timing npm Completed in 14389ms
324 info ok
